#
# A fatal error has been detected by the Java Runtime Environment:
#
#  EXCEPTION_ACCESS_VIOLATION (0xc0000005) at pc=0x00007ffc782e6990, pid=620, tid=9644
#
# JRE version: OpenJDK Runtime Environment OpenLogic-OpenJDK (17.0.10+7) (build 17.0.10+7-adhoc..jdk17u)
# Java VM: OpenJDK 64-Bit Server VM OpenLogic-OpenJDK (17.0.10+7-adhoc..jdk17u, mixed mode, sharing, tiered, compressed oops, compressed class ptrs, g1 gc, windows-amd64)
# Problematic frame:
# C  [prism_d3d.dll+0x6990]
#
# No core dump will be written. Minidumps are not enabled by default on client versions of Windows
#
# If you would like to submit a bug report, please visit:
#   https://techsupport.roguewave.com/
# The crash happened outside the Java Virtual Machine in native code.
# See problematic frame for where to report the bug.
#

---------------  S U M M A R Y ------------

Command Line: -agentlib:jdwp=transport=dt_socket,address=127.0.0.1:53445,suspend=y,server=n -javaagent:C:\Users\CarlosFernando\AppData\Local\JetBrains\IdeaIC2023.2\captureAgent\debugger-agent.jar -Dfile.encoding=UTF-8 com.erp.portfolio.ErpPortfolioApplication

Host: Intel(R) Core(TM) i3-9100F CPU @ 3.60GHz, 4 cores, 15G,  Windows 10 , 64 bit Build 19041 (10.0.19041.3636)
Time: Sat Feb 24 20:11:41 2024 Hora estándar de Argentina elapsed time: 40.777019 seconds (0d 0h 0m 40s)

---------------  T H R E A D  ---------------

Current thread (0x0000020066d99440):  JavaThread "JavaFX Application Thread" [_thread_in_native, id=9644, stack(0x0000001295700000,0x0000001295800000)]

Stack: [0x0000001295700000,0x0000001295800000],  sp=0x00000012957fdbc0,  free space=1014k
Native frames: (J=compiled Java code, j=interpreted, Vv=VM code, C=native code)
C  [prism_d3d.dll+0x6990]

Java frames: (J=compiled Java code, j=interpreted, Vv=VM code)
j  com.sun.prism.d3d.D3DPipeline.nGetMaxSampleSupport(I)I+0 javafx.graphics@17.0.10
j  com.sun.prism.d3d.D3DPipeline.isMSAASupported()Z+9 javafx.graphics@17.0.10
j  com.sun.javafx.tk.quantum.QuantumToolkit.isMSAASupported()Z+3 javafx.graphics@17.0.10
j  javafx.scene.Scene.getAntiAliasingInternal()Z+10 javafx.graphics@17.0.10
j  javafx.scene.Scene.initPeer()V+91 javafx.graphics@17.0.10
j  javafx.scene.Scene$2.initPeer(Ljavafx/scene/Scene;)V+1 javafx.graphics@17.0.10
j  com.sun.javafx.scene.SceneHelper.initPeer(Ljavafx/scene/Scene;)V+4 javafx.graphics@17.0.10
j  javafx.stage.Window$12.invalidated()V+352 javafx.graphics@17.0.10
j  javafx.beans.property.BooleanPropertyBase.markInvalid()V+13 javafx.base@17.0.10
j  javafx.beans.property.BooleanPropertyBase.set(Z)V+72 javafx.base@17.0.10
j  javafx.stage.Window.setShowing(Z)V+11 javafx.graphics@17.0.10
j  javafx.stage.Window.show()V+2 javafx.graphics@17.0.10
j  javafx.stage.Stage.show()V+1 javafx.graphics@17.0.10
j  com.erp.portfolio.ErpPortfolioApplication.prepareSceneLogin(Ljavafx/stage/Stage;)V+62
j  com.erp.portfolio.ErpPortfolioApplication.start(Ljavafx/stage/Stage;)V+15
j  com.sun.javafx.application.LauncherImpl.lambda$launchApplication1$9(Ljava/util/concurrent/atomic/AtomicBoolean;Ljavafx/application/Application;)V+20 javafx.graphics@17.0.10
j  com.sun.javafx.application.LauncherImpl$$Lambda$75+0x000002006803d678.run()V+8 javafx.graphics@17.0.10
j  com.sun.javafx.application.PlatformImpl.lambda$runAndWait$12(Ljava/lang/Runnable;Ljava/util/concurrent/CountDownLatch;)V+1 javafx.graphics@17.0.10
j  com.sun.javafx.application.PlatformImpl$$Lambda$68+0x000002006803bd80.run()V+8 javafx.graphics@17.0.10
j  com.sun.javafx.application.PlatformImpl.lambda$runLater$10(Ljava/lang/Runnable;)Ljava/lang/Void;+1 javafx.graphics@17.0.10
j  com.sun.javafx.application.PlatformImpl$$Lambda$70+0x000002006803f058.run()Ljava/lang/Object;+4 javafx.graphics@17.0.10
j  java.security.AccessController.executePrivileged(Ljava/security/PrivilegedAction;Ljava/security/AccessControlContext;Ljava/lang/Class;)Ljava/lang/Object;+29 java.base@17.0.10
j  java.security.AccessController.doPrivileged(Ljava/security/PrivilegedAction;Ljava/security/AccessControlContext;)Ljava/lang/Object;+13 java.base@17.0.10
j  com.sun.javafx.application.PlatformImpl.lambda$runLater$11(Ljava/lang/Runnable;Ljava/security/AccessControlContext;)V+7 javafx.graphics@17.0.10
j  com.sun.javafx.application.PlatformImpl$$Lambda$69+0x000002006803e9c8.run()V+8 javafx.graphics@17.0.10
j  com.sun.glass.ui.InvokeLaterDispatcher$Future.run$$$capture()V+4 javafx.graphics@17.0.10
j  com.sun.glass.ui.InvokeLaterDispatcher$Future.run()V+8 javafx.graphics@17.0.10
v  ~StubRoutines::call_stub
j  com.sun.glass.ui.win.WinApplication._runLoop(Ljava/lang/Runnable;)V+0 javafx.graphics@17.0.10
j  com.sun.glass.ui.win.WinApplication.lambda$runLoop$3(ILjava/lang/Runnable;)V+8 javafx.graphics@17.0.10
j  com.sun.glass.ui.win.WinApplication$$Lambda$58+0x000002006802aeb0.run()V+12 javafx.graphics@17.0.10
j  java.lang.Thread.run()V+11 java.base@17.0.10
v  ~StubRoutines::call_stub

siginfo: EXCEPTION_ACCESS_VIOLATION (0xc0000005), reading address 0x0000000000000000


Registers:
RAX=0x00007ffc782e6970, RBX=0x0000000000000000, RCX=0x0000000000000000, RDX=0x00000012957fdc78
RSP=0x00000012957fdbc0, RBP=0x00000012957fdc68, RSI=0x00000200a9c98a58, RDI=0x0000000000000000
R8 =0x0000000000000000, R9 =0x0000000000000005, R10=0x0000020053411337, R11=0x0000000700ed96f0
R12=0x0000000000000000, R13=0x00000200a84c6d20, R14=0x00000012957fdc88, R15=0x0000020066d99440
RIP=0x00007ffc782e6990, EFLAGS=0x0000000000010202


Register to memory mapping:

RIP=0x00007ffc782e6990 prism_d3d.dll
RAX=0x00007ffc782e6970 prism_d3d.dll
RBX=0x0 is NULL
RCX=0x0 is NULL
RDX=0x00000012957fdc78 is pointing into the stack for thread: 0x0000020066d99440
RSP=0x00000012957fdbc0 is pointing into the stack for thread: 0x0000020066d99440
RBP=0x00000012957fdc68 is pointing into the stack for thread: 0x0000020066d99440
RSI=0x00000200a9c98a58 is pointing into metadata
RDI=0x0 is NULL
R8 =0x0 is NULL
R9 =0x0000000000000005 is an unknown value
R10=0x0000020053411337 is at code_begin+1911 in an Interpreter codelet
method entry point (kind = native)  [0x0000020053410bc0, 0x0000020053411ce0]  4384 bytes
R11=0x0000000700ed96f0 is an oop: java.lang.Class 
{0x0000000700ed96f0} - klass: 'java/lang/Class'
 - ---- fields (total size 16 words):
 - private volatile transient 'classRedefinedCount' 'I' @12  0
 - private volatile transient 'cachedConstructor' 'Ljava/lang/reflect/Constructor;' @40  NULL (0)
 - private transient 'name' 'Ljava/lang/String;' @44  "com.sun.prism.d3d.D3DPipeline"{0x0000000700ed9788} (e01db2f1)
 - private transient 'module' 'Ljava/lang/Module;' @48  a 'java/lang/Module'{0x00000007018213d8} (e030427b)
 - private final 'classLoader' 'Ljava/lang/ClassLoader;' @52  a 'jdk/internal/loader/ClassLoaders$PlatformClassLoader'{0x0000000700fd0cd8} (e01fa19b)
 - private transient 'classData' 'Ljava/lang/Object;' @56  NULL (0)
 - private transient 'packageName' 'Ljava/lang/String;' @60  "com.sun.prism.d3d"{0x0000000700ffd838} (e01ffb07)
 - private final 'componentType' 'Ljava/lang/Class;' @64  NULL (0)
 - private volatile transient 'reflectionData' 'Ljava/lang/ref/SoftReference;' @68  a 'java/lang/ref/SoftReference'{0x0000000700ed97d0} (e01db2fa)
 - private volatile transient 'genericInfo' 'Lsun/reflect/generics/repository/ClassRepository;' @72  NULL (0)
 - private volatile transient 'enumConstants' '[Ljava/lang/Object;' @76  NULL (0)
 - private volatile transient 'enumConstantDirectory' 'Ljava/util/Map;' @80  NULL (0)
 - private volatile transient 'annotationData' 'Ljava/lang/Class$AnnotationData;' @84  NULL (0)
 - private volatile transient 'annotationType' 'Lsun/reflect/annotation/AnnotationType;' @88  NULL (0)
 - transient 'classValueMap' 'Ljava/lang/ClassValue$ClassValueMap;' @92  NULL (0)
 - signature: Lcom/sun/prism/d3d/D3DPipeline;
 - fake entry for mirror: 'com/sun/prism/d3d/D3DPipeline'
 - fake entry for array: NULL
 - fake entry for oop_size: 16
 - fake entry for static_oop_field_count: 3
 - private static final 'd3dEnabled' 'Z' @124  true
 - private static final 'creator' 'Ljava/lang/Thread;' @112  a 'java/lang/Thread'{0x0000000700fc6f58} (e01f8deb)
 - private static 'theInstance' 'Lcom/sun/prism/d3d/D3DPipeline;' @116  NULL (0)
 - private static 'factories' '[Lcom/sun/prism/d3d/D3DResourceFactory;' @120  NULL (0)
 - private static 'd3dInitialized' 'Z' @125  false
R12=0x0 is NULL
R13={method} {0x00000200a84c6d28} 'nGetMaxSampleSupport' '(I)I' in 'com/sun/prism/d3d/D3DPipeline'
R14=0x00000012957fdc88 is pointing into the stack for thread: 0x0000020066d99440
R15=0x0000020066d99440 is a thread


Top of Stack: (sp=0x00000012957fdbc0)
0x00000012957fdbc0:   00000200a84c6d20 00000200a84c6d20
0x00000012957fdbd0:   00000200a84c6d20 0000000000000000
0x00000012957fdbe0:   00000200a9c98a58 0000020053411366
0x00000012957fdbf0:   00000200a84c6d20 00000200a9c98a58
0x00000012957fdc00:   00000200a9c98a58 00007ffc677e39b9
0x00000012957fdc10:   00000200a84c7870 0000020053410c76
0x00000012957fdc20:   00000012957fdc20 00000200a84c6d20
0x00000012957fdc30:   00000012957fdc88 00000200a84cd7d8
0x00000012957fdc40:   0000000000000000 0000000700ed96f0
0x00000012957fdc50:   00000200a84c6d20 0000000000000000
0x00000012957fdc60:   00000012957fdc88 00000012957fdce0
0x00000012957fdc70:   000002005340a322 0000000700ed96f0
0x00000012957fdc80:   000002005340d4f6 0000000000000000
0x00000012957fdc90:   0000000701810168 00000012957fdc98
0x00000012957fdca0:   00000200a84c7841 00000012957fdcf0
0x00000012957fdcb0:   00000200a84cd7d8 0000000000000000
0x00000012957fdcc0:   0000000700ed96f0 00000200a84c7870
0x00000012957fdcd0:   00000012957fdc88 00000012957fdcf0
0x00000012957fdce0:   00000012957fdd40 000002005340a322
0x00000012957fdcf0:   0000000701810168 00000012957fdcf8
0x00000012957fdd00:   00000200a846b07b 00000012957fdd50
0x00000012957fdd10:   00000200a8488068 0000000000000000
0x00000012957fdd20:   0000000700e20af8 00000200a846b098
0x00000012957fdd30:   00000012957fdcf0 00000012957fdd50
0x00000012957fdd40:   00000012957fdda0 000002005340a322
0x00000012957fdd50:   000000070180f850 00000012957fdd58
0x00000012957fdd60:   00000200a91591b2 00000012957fddb0
0x00000012957fdd70:   00000200a9209f38 0000000000000000
0x00000012957fdd80:   00000007012b1910 00000200a91591f0
0x00000012957fdd90:   00000012957fdd50 00000012957fddb0
0x00000012957fdda0:   00000012957fde18 000002005340a322
0x00000012957fddb0:   0000000701490ad0 0000000000000000 

Instructions: (pc=0x00007ffc782e6990)
0x00007ffc782e6890:   8b c7 48 8b d6 ff 90 68 03 00 00 48 8b 03 4c 8d
0x00007ffc782e68a0:   0d 4b 83 01 00 44 8b 74 24 3c 4c 8d 05 a7 84 01
0x00007ffc782e68b0:   00 48 8b d5 48 8b cb ff 90 f0 02 00 00 48 8b e8
0x00007ffc782e68c0:   48 8b cb 48 8b 03 ff 90 20 07 00 00 48 8b cb 84
0x00007ffc782e68d0:   c0 74 0b 48 8b 03 ff 90 88 00 00 00 eb 13 4c 8b
0x00007ffc782e68e0:   13 45 8b ce 4c 8b c5 48 8b d6 41 ff 92 68 03 00
0x00007ffc782e68f0:   00 4c 8b bc 24 e0 06 00 00 48 8b 17 48 8b cf ff
0x00007ffc782e6900:   52 10 4c 8b b4 24 18 07 00 00 48 8b c6 eb 0b 48
0x00007ffc782e6910:   8b 07 48 8b cf ff 50 10 33 c0 48 8b 8c 24 d0 06
0x00007ffc782e6920:   00 00 48 33 cc e8 56 41 00 00 48 81 c4 e8 06 00
0x00007ffc782e6930:   00 5f 5e 5d 5b c3 cc cc cc cc cc cc cc cc cc cc
0x00007ffc782e6940:   40 53 48 83 ec 20 48 8b d9 e8 c2 10 00 00 48 85
0x00007ffc782e6950:   c0 74 15 4c 8b 03 48 8b d0 48 8b cb 48 83 c4 20
0x00007ffc782e6960:   5b 49 ff a0 38 05 00 00 48 83 c4 20 5b c3 cc cc
0x00007ffc782e6970:   48 89 5c 24 08 57 48 83 ec 20 48 8b 3d 5f f9 01
0x00007ffc782e6980:   00 41 8b d8 48 85 ff 74 0f 48 8b 7f 08 48 8b cf
0x00007ffc782e6990:   48 8b 07 ff 50 08 eb 16 48 8b 05 29 f9 01 00 48
0x00007ffc782e69a0:   85 c0 74 25 b9 20 00 00 00 ff d0 48 8b f8 48 85
0x00007ffc782e69b0:   ff 74 16 48 8b 17 48 8b cf ff 52 20 48 8b cf 3b
0x00007ffc782e69c0:   d8 72 13 48 8b 17 ff 52 10 33 c0 48 8b 5c 24 30
0x00007ffc782e69d0:   48 83 c4 20 5f c3 8b d3 e8 73 f9 ff ff 48 8b 17
0x00007ffc782e69e0:   48 8b cf 8b d8 ff 52 10 8b c3 48 8b 5c 24 30 48
0x00007ffc782e69f0:   83 c4 20 5f c3 cc cc cc cc cc cc cc cc cc cc cc
0x00007ffc782e6a00:   48 89 5c 24 08 57 48 83 ec 40 48 83 3d ce f8 01
0x00007ffc782e6a10:   00 00 49 8b d8 48 8b f9 74 19 48 8d 0d d7 81 01
0x00007ffc782e6a20:   00 e8 1a 14 00 00 32 c0 48 8b 5c 24 50 48 83 c4
0x00007ffc782e6a30:   40 5f c3 e8 78 08 00 00 85 c0 79 19 48 8d 0d e5
0x00007ffc782e6a40:   81 01 00 e8 f8 13 00 00 32 c0 48 8b 5c 24 50 48
0x00007ffc782e6a50:   83 c4 40 5f c3 48 8d 05 84 81 01 00 48 89 7c 24
0x00007ffc782e6a60:   28 48 8d 4c 24 20 48 89 44 24 20 48 89 5c 24 30
0x00007ffc782e6a70:   e8 7b 08 00 00 48 8b d8 48 85 c0 75 16 e8 8e 0f
0x00007ffc782e6a80:   00 00 48 85 c0 75 0c 48 8d 0d ba 81 01 00 e8 ad 


Stack slot to memory mapping:
stack at sp + 0 slots: {method} {0x00000200a84c6d28} 'nGetMaxSampleSupport' '(I)I' in 'com/sun/prism/d3d/D3DPipeline'
stack at sp + 1 slots: {method} {0x00000200a84c6d28} 'nGetMaxSampleSupport' '(I)I' in 'com/sun/prism/d3d/D3DPipeline'
stack at sp + 2 slots: {method} {0x00000200a84c6d28} 'nGetMaxSampleSupport' '(I)I' in 'com/sun/prism/d3d/D3DPipeline'
stack at sp + 3 slots: 0x0 is NULL
stack at sp + 4 slots: 0x00000200a9c98a58 is pointing into metadata
stack at sp + 5 slots: 0x0000020053411366 is at code_begin+1958 in an Interpreter codelet
method entry point (kind = native)  [0x0000020053410bc0, 0x0000020053411ce0]  4384 bytes
stack at sp + 6 slots: {method} {0x00000200a84c6d28} 'nGetMaxSampleSupport' '(I)I' in 'com/sun/prism/d3d/D3DPipeline'
stack at sp + 7 slots: 0x00000200a9c98a58 is pointing into metadata


---------------  P R O C E S S  ---------------

Threads class SMR info:
_java_thread_list=0x00000200b4baae60, length=20, elements={
0x0000020043033f70, 0x0000020066bb5310, 0x0000020066bb6190, 0x0000020066bca1d0,
0x0000020066bcaca0, 0x0000020066bcb860, 0x0000020066bce230, 0x0000020066bcfc60,
0x0000020066bd7300, 0x0000020066bf18e0, 0x0000020066b9c100, 0x0000020066d8bc80,
0x0000020066e0ca20, 0x0000020066d974e0, 0x0000020066d99440, 0x00000200ac78fff0,
0x00000200ac7b2730, 0x00000200b351ffb0, 0x00000200b5ad8590, 0x00000200b35204c0
}

Java Threads: ( => current thread )
  0x0000020043033f70 JavaThread "main" [_thread_blocked, id=14220, stack(0x0000001293e00000,0x0000001293f00000)]
  0x0000020066bb5310 JavaThread "Reference Handler" daemon [_thread_blocked, id=14992, stack(0x0000001294500000,0x0000001294600000)]
  0x0000020066bb6190 JavaThread "Finalizer" daemon [_thread_blocked, id=9508, stack(0x0000001294600000,0x0000001294700000)]
  0x0000020066bca1d0 JavaThread "Signal Dispatcher" daemon [_thread_blocked, id=14440, stack(0x0000001294700000,0x0000001294800000)]
  0x0000020066bcaca0 JavaThread "Attach Listener" daemon [_thread_blocked, id=11832, stack(0x0000001294800000,0x0000001294900000)]
  0x0000020066bcb860 JavaThread "Service Thread" daemon [_thread_blocked, id=16152, stack(0x0000001294900000,0x0000001294a00000)]
  0x0000020066bce230 JavaThread "Monitor Deflation Thread" daemon [_thread_blocked, id=14340, stack(0x0000001294a00000,0x0000001294b00000)]
  0x0000020066bcfc60 JavaThread "C2 CompilerThread0" daemon [_thread_blocked, id=10012, stack(0x0000001294b00000,0x0000001294c00000)]
  0x0000020066bd7300 JavaThread "C1 CompilerThread0" daemon [_thread_blocked, id=14464, stack(0x0000001294c00000,0x0000001294d00000)]
  0x0000020066bf18e0 JavaThread "Sweeper thread" daemon [_thread_blocked, id=1176, stack(0x0000001294d00000,0x0000001294e00000)]
  0x0000020066b9c100 JavaThread "Common-Cleaner" daemon [_thread_blocked, id=2128, stack(0x0000001294e00000,0x0000001294f00000)]
  0x0000020066d8bc80 JavaThread "JDWP Event Helper Thread" daemon [_thread_blocked, id=2832, stack(0x0000001295000000,0x0000001295100000)]
  0x0000020066e0ca20 JavaThread "Notification Thread" daemon [_thread_blocked, id=12492, stack(0x0000001295200000,0x0000001295300000)]
  0x0000020066d974e0 JavaThread "InvokeLaterDispatcher" daemon [_thread_blocked, id=15056, stack(0x0000001295600000,0x0000001295700000)]
=>0x0000020066d99440 JavaThread "JavaFX Application Thread" [_thread_in_native, id=9644, stack(0x0000001295700000,0x0000001295800000)]
  0x00000200ac78fff0 JavaThread "JavaFX-Launcher" [_thread_blocked, id=2504, stack(0x0000001295a00000,0x0000001295b00000)]
  0x00000200ac7b2730 JavaThread "Thread-2" daemon [_thread_in_native, id=13584, stack(0x0000001295900000,0x0000001295a00000)]
  0x00000200b351ffb0 JavaThread "mysql-cj-abandoned-connection-cleanup" daemon [_thread_blocked, id=11880, stack(0x0000001295f00000,0x0000001296000000)]
  0x00000200b5ad8590 JavaThread "C2 CompilerThread1" daemon [_thread_blocked, id=12684, stack(0x0000001294f00000,0x0000001295000000)]
  0x00000200b35204c0 JavaThread "SIGINT handler" daemon [_thread_blocked, id=11312, stack(0x0000001296500000,0x0000001296600000)]

Other Threads:
  0x0000020066bada40 VMThread "VM Thread" [stack: 0x0000001294400000,0x0000001294500000] [id=9404]
  0x0000020066de0860 WatcherThread [stack: 0x0000001295300000,0x0000001295400000] [id=6020]
  0x0000020043048500 GCTaskThread "GC Thread#0" [stack: 0x0000001293f00000,0x0000001294000000] [id=8996]
  0x00000200ac8d6ef0 GCTaskThread "GC Thread#1" [stack: 0x0000001295b00000,0x0000001295c00000] [id=8160]
  0x00000200ac8d71b0 GCTaskThread "GC Thread#2" [stack: 0x0000001295c00000,0x0000001295d00000] [id=8348]
  0x00000200ac9d23c0 GCTaskThread "GC Thread#3" [stack: 0x0000001295d00000,0x0000001295e00000] [id=4772]
  0x00000200430b1b40 ConcurrentGCThread "G1 Main Marker" [stack: 0x0000001294000000,0x0000001294100000] [id=13872]
  0x00000200430b2d00 ConcurrentGCThread "G1 Conc#0" [stack: 0x0000001294100000,0x0000001294200000] [id=14196]
  0x00000200430edca0 ConcurrentGCThread "G1 Refine#0" [stack: 0x0000001294200000,0x0000001294300000] [id=3116]
  0x00000200b3fc0d10 ConcurrentGCThread "G1 Refine#1" [stack: 0x0000001296000000,0x0000001296100000] [id=11608]
  0x00000200b59a1b00 ConcurrentGCThread "G1 Refine#2" [stack: 0x0000001296100000,0x0000001296200000] [id=2016]
  0x00000200430ee6d0 ConcurrentGCThread "G1 Service" [stack: 0x0000001294300000,0x0000001294400000] [id=13592]

Threads with active compile tasks:

VM state: not at safepoint (normal execution)

VM Mutex/Monitor currently owned by a thread: None

Heap address: 0x0000000700e00000, size: 4082 MB, Compressed Oops mode: Zero based, Oop shift amount: 3

CDS archive(s) mapped at: [0x0000020067000000-0x0000020067bc0000-0x0000020067bc0000), size 12320768, SharedBaseAddress: 0x0000020067000000, ArchiveRelocationMode: 1.
Compressed class space mapped at: 0x0000020068000000-0x00000200a8000000, reserved size: 1073741824
Narrow klass base: 0x0000020067000000, Narrow klass shift: 0, Narrow klass range: 0x100000000

GC Precious Log:
 CPUs: 4 total, 4 available
 Memory: 16326M
 Large Page Support: Disabled
 NUMA Support: Disabled
 Compressed Oops: Enabled (Zero based)
 Heap Region Size: 2M
 Heap Min Capacity: 8M
 Heap Initial Capacity: 256M
 Heap Max Capacity: 4082M
 Pre-touch: Disabled
 Parallel Workers: 4
 Concurrent Workers: 1
 Concurrent Refinement Workers: 4
 Periodic GC: Disabled

Heap:
 garbage-first heap   total 49152K, used 27347K [0x0000000700e00000, 0x0000000800000000)
  region size 2048K, 8 young (16384K), 1 survivors (2048K)
 Metaspace       used 33639K, committed 34048K, reserved 1114112K
  class space    used 4265K, committed 4480K, reserved 1048576K

Heap Regions: E=young(eden), S=young(survivor), O=old, HS=humongous(starts), HC=humongous(continues), CS=collection set, F=free, OA=open archive, CA=closed archive, TAMS=top-at-mark-start (previous, next)
|   0|0x0000000700e00000, 0x0000000701000000, 0x0000000701000000|100%| O|  |TAMS 0x0000000701000000, 0x0000000700e00000| Untracked 
|   1|0x0000000701000000, 0x0000000701000000, 0x0000000701200000|  0%| F|  |TAMS 0x0000000701000000, 0x0000000701000000| Untracked 
|   2|0x0000000701200000, 0x0000000701400000, 0x0000000701400000|100%| O|  |TAMS 0x0000000701200000, 0x0000000701200000| Untracked 
|   3|0x0000000701400000, 0x0000000701600000, 0x0000000701600000|100%| O|  |TAMS 0x0000000701400000, 0x0000000701400000| Untracked 
|   4|0x0000000701600000, 0x0000000701800000, 0x0000000701800000|100%| O|  |TAMS 0x0000000701600000, 0x0000000701600000| Untracked 
|   5|0x0000000701800000, 0x0000000701a00000, 0x0000000701a00000|100%| O|  |TAMS 0x0000000701800000, 0x0000000701800000| Untracked 
|   6|0x0000000701a00000, 0x0000000701c00000, 0x0000000701c00000|100%| O|  |TAMS 0x0000000701a00000, 0x0000000701a00000| Untracked 
|   7|0x0000000701c00000, 0x0000000701de4000, 0x0000000701e00000| 94%| O|  |TAMS 0x0000000701c00000, 0x0000000701c00000| Untracked 
|   8|0x0000000701e00000, 0x0000000701e00000, 0x0000000702000000|  0%| F|  |TAMS 0x0000000701e00000, 0x0000000701e00000| Untracked 
|   9|0x0000000702000000, 0x0000000702000000, 0x0000000702200000|  0%| F|  |TAMS 0x0000000702000000, 0x0000000702000000| Untracked 
|  10|0x0000000702200000, 0x0000000702200000, 0x0000000702400000|  0%| F|  |TAMS 0x0000000702200000, 0x0000000702200000| Untracked 
|  11|0x0000000702400000, 0x0000000702400000, 0x0000000702600000|  0%| F|  |TAMS 0x0000000702400000, 0x0000000702400000| Untracked 
|  12|0x0000000702600000, 0x0000000702600000, 0x0000000702800000|  0%| F|  |TAMS 0x0000000702600000, 0x0000000702600000| Untracked 
|  13|0x0000000702800000, 0x0000000702800000, 0x0000000702a00000|  0%| F|  |TAMS 0x0000000702800000, 0x0000000702800000| Untracked 
|  14|0x0000000702a00000, 0x0000000702a00000, 0x0000000702c00000|  0%| F|  |TAMS 0x0000000702a00000, 0x0000000702a00000| Untracked 
|  15|0x0000000702c00000, 0x0000000702c00000, 0x0000000702e00000|  0%| F|  |TAMS 0x0000000702c00000, 0x0000000702c00000| Untracked 
|  16|0x0000000702e00000, 0x0000000702f59fd8, 0x0000000703000000| 67%| E|  |TAMS 0x0000000702e00000, 0x0000000702e00000| Complete 
|  17|0x0000000703000000, 0x0000000703200000, 0x0000000703200000|100%| E|CS|TAMS 0x0000000703000000, 0x0000000703000000| Complete 
|  18|0x0000000703200000, 0x0000000703400000, 0x0000000703400000|100%| E|CS|TAMS 0x0000000703200000, 0x0000000703200000| Complete 
| 102|0x000000070da00000, 0x000000070dc00000, 0x000000070dc00000|100%| E|CS|TAMS 0x000000070da00000, 0x000000070da00000| Complete 
| 103|0x000000070dc00000, 0x000000070de00000, 0x000000070de00000|100%| E|CS|TAMS 0x000000070dc00000, 0x000000070dc00000| Complete 
| 104|0x000000070de00000, 0x000000070e000000, 0x000000070e000000|100%| E|CS|TAMS 0x000000070de00000, 0x000000070de00000| Complete 
| 105|0x000000070e000000, 0x000000070e0d0ce0, 0x000000070e200000| 40%| S|CS|TAMS 0x000000070e000000, 0x000000070e000000| Complete 
| 127|0x0000000710c00000, 0x0000000710e00000, 0x0000000710e00000|100%| E|CS|TAMS 0x0000000710c00000, 0x0000000710c00000| Complete 

Card table byte_map: [0x000002005b6d0000,0x000002005bed0000] _byte_map_base: 0x0000020057ec9000

Marking Bits (Prev, Next): (CMBitMap*) 0x00000200430a1340, (CMBitMap*) 0x00000200430a1300
 Prev Bits: [0x00000200606a0000, 0x0000020064668000)
 Next Bits: [0x000002005c6d0000, 0x0000020060698000)

Polling page: 0x0000020040f70000

Metaspace:

Usage:
  Non-class:     28.69 MB used.
      Class:      4.17 MB used.
       Both:     32.85 MB used.

Virtual space:
  Non-class space:       64.00 MB reserved,      28.88 MB ( 45%) committed,  1 nodes.
      Class space:        1.00 GB reserved,       4.38 MB ( <1%) committed,  1 nodes.
             Both:        1.06 GB reserved,      33.25 MB (  3%) committed. 

Chunk freelists:
   Non-Class:  2.19 MB
       Class:  11.54 MB
        Both:  13.73 MB

MaxMetaspaceSize: unlimited
CompressedClassSpaceSize: 1.00 GB
Initial GC threshold: 21.00 MB
Current GC threshold: 35.25 MB
CDS: on
MetaspaceReclaimPolicy: balanced
 - commit_granule_bytes: 65536.
 - commit_granule_words: 8192.
 - virtual_space_node_default_size: 8388608.
 - enlarge_chunks_in_place: 1.
 - new_chunks_are_fully_committed: 0.
 - uncommit_free_chunks: 1.
 - use_allocation_guard: 0.
 - handle_deallocations: 1.


Internal statistics:

num_allocs_failed_limit: 3.
num_arena_births: 500.
num_arena_deaths: 0.
num_vsnodes_births: 2.
num_vsnodes_deaths: 0.
num_space_committed: 532.
num_space_uncommitted: 0.
num_chunks_returned_to_freelist: 3.
num_chunks_taken_from_freelist: 1571.
num_chunk_merges: 0.
num_chunk_splits: 1047.
num_chunks_enlarged: 764.
num_inconsistent_stats: 0.

CodeHeap 'non-profiled nmethods': size=120000Kb used=1963Kb max_used=1963Kb free=118036Kb
 bounds [0x00000200539a0000, 0x0000020053c10000, 0x000002005aed0000]
CodeHeap 'profiled nmethods': size=120000Kb used=8537Kb max_used=8537Kb free=111462Kb
 bounds [0x000002004bed0000, 0x000002004c730000, 0x0000020053400000]
CodeHeap 'non-nmethods': size=5760Kb used=1463Kb max_used=1493Kb free=4296Kb
 bounds [0x0000020053400000, 0x0000020053670000, 0x00000200539a0000]
 total_blobs=4758 nmethods=4017 adapters=653
 compilation: enabled
              stopped_count=0, restarted_count=0
 full_count=0

Compilation events (20 events):
Event: 40.738 Thread 0x00000200b5ad8590 3984       4       com.sun.crypto.provider.AESCrypt::implEncryptBlock (953 bytes)
Event: 40.738 Thread 0x0000020066bd7300 3989       3       com.sun.crypto.provider.GaloisCounterMode$GCMDecrypt::doFinal (555 bytes)
Event: 40.740 Thread 0x0000020066bd7300 nmethod 3989 0x000002004c717190 code [0x000002004c717800, 0x000002004c71b0b8]
Event: 40.740 Thread 0x0000020066bd7300 3990   !   3       com.mysql.cj.protocol.a.NativeProtocol::readMessage (85 bytes)
Event: 40.741 Thread 0x0000020066bd7300 nmethod 3990 0x000002004c71c610 code [0x000002004c71c860, 0x000002004c71d408]
Event: 40.741 Thread 0x0000020066bd7300 3991       3       com.mysql.cj.protocol.a.NativeProtocol::getServerSession (5 bytes)
Event: 40.741 Thread 0x0000020066bd7300 nmethod 3991 0x000002004c71da10 code [0x000002004c71dba0, 0x000002004c71dcd8]
Event: 40.741 Thread 0x0000020066bd7300 3992       1       com.mysql.cj.protocol.a.PacketSplitter::getPacketLen (5 bytes)
Event: 40.741 Thread 0x0000020066bd7300 nmethod 3992 0x0000020053b84d90 code [0x0000020053b84f20, 0x0000020053b84ff8]
Event: 40.749 Thread 0x0000020066bcfc60 nmethod 3972 0x0000020053b85090 code [0x0000020053b852a0, 0x0000020053b869b0]
Event: 40.752 Thread 0x0000020066bcfc60 3993       4       org.springframework.core.annotation.MergedAnnotations$Search$$Lambda$105/0x00000200680c2f28::test (8 bytes)
Event: 40.752 Thread 0x0000020066bd7300 3994       3       org.springframework.core.annotation.OrderUtils::getOrderFromAnnotations (72 bytes)
Event: 40.752 Thread 0x0000020066bd7300 nmethod 3994 0x000002004c71dd90 code [0x000002004c71dfa0, 0x000002004c71e698]
Event: 40.752 Thread 0x0000020066bcfc60 nmethod 3993 0x0000020053b87690 code [0x0000020053b87800, 0x0000020053b878b8]
Event: 40.754 Thread 0x0000020066bd7300 3995   !   3       java.util.concurrent.ConcurrentHashMap::clear (176 bytes)
Event: 40.755 Thread 0x0000020066bd7300 nmethod 3995 0x000002004c71e810 code [0x000002004c71ea40, 0x000002004c71f3e8]
Event: 40.755 Thread 0x0000020066bd7300 3996       3       java.util.LinkedHashMap::afterNodeRemoval (65 bytes)
Event: 40.755 Thread 0x0000020066bd7300 nmethod 3996 0x000002004c71f810 code [0x000002004c71f9e0, 0x000002004c71fed8]
Event: 40.757 Thread 0x00000200b5ad8590 nmethod 3984 0x0000020053b87990 code [0x0000020053b87be0, 0x0000020053b89038]
Event: 40.759 Thread 0x00000200b5ad8590 3999       4       java.nio.ByteBuffer::array (35 bytes)

GC Heap History (12 events):
Event: 0.551 GC heap before
{Heap before GC invocations=0 (full 0):
 garbage-first heap   total 262144K, used 12288K [0x0000000700e00000, 0x0000000800000000)
  region size 2048K, 6 young (12288K), 0 survivors (0K)
 Metaspace       used 4436K, committed 4608K, reserved 1114112K
  class space    used 458K, committed 512K, reserved 1048576K
}
Event: 0.554 GC heap after
{Heap after GC invocations=1 (full 0):
 garbage-first heap   total 262144K, used 3829K [0x0000000700e00000, 0x0000000800000000)
  region size 2048K, 1 young (2048K), 1 survivors (2048K)
 Metaspace       used 4436K, committed 4608K, reserved 1114112K
  class space    used 458K, committed 512K, reserved 1048576K
}
Event: 0.884 GC heap before
{Heap before GC invocations=1 (full 0):
 garbage-first heap   total 262144K, used 16117K [0x0000000700e00000, 0x0000000800000000)
  region size 2048K, 7 young (14336K), 1 survivors (2048K)
 Metaspace       used 7738K, committed 8000K, reserved 1114112K
  class space    used 880K, committed 1024K, reserved 1048576K
}
Event: 0.887 GC heap after
{Heap after GC invocations=2 (full 0):
 garbage-first heap   total 262144K, used 5064K [0x0000000700e00000, 0x0000000800000000)
  region size 2048K, 1 young (2048K), 1 survivors (2048K)
 Metaspace       used 7738K, committed 8000K, reserved 1114112K
  class space    used 880K, committed 1024K, reserved 1048576K
}
Event: 1.519 GC heap before
{Heap before GC invocations=2 (full 0):
 garbage-first heap   total 262144K, used 35784K [0x0000000700e00000, 0x0000000800000000)
  region size 2048K, 16 young (32768K), 1 survivors (2048K)
 Metaspace       used 13956K, committed 14272K, reserved 1114112K
  class space    used 1751K, committed 1920K, reserved 1048576K
}
Event: 1.522 GC heap after
{Heap after GC invocations=3 (full 0):
 garbage-first heap   total 262144K, used 6983K [0x0000000700e00000, 0x0000000800000000)
  region size 2048K, 2 young (4096K), 2 survivors (4096K)
 Metaspace       used 13956K, committed 14272K, reserved 1114112K
  class space    used 1751K, committed 1920K, reserved 1048576K
}
Event: 4.966 GC heap before
{Heap before GC invocations=3 (full 0):
 garbage-first heap   total 262144K, used 43847K [0x0000000700e00000, 0x0000000800000000)
  region size 2048K, 22 young (45056K), 2 survivors (4096K)
 Metaspace       used 21120K, committed 21504K, reserved 1114112K
  class space    used 2672K, committed 2880K, reserved 1048576K
}
Event: 4.971 GC heap after
{Heap after GC invocations=4 (full 0):
 garbage-first heap   total 262144K, used 10095K [0x0000000700e00000, 0x0000000800000000)
  region size 2048K, 4 young (8192K), 4 survivors (8192K)
 Metaspace       used 21120K, committed 21504K, reserved 1114112K
  class space    used 2672K, committed 2880K, reserved 1048576K
}
Event: 11.101 GC heap before
{Heap before GC invocations=5 (full 0):
 garbage-first heap   total 49152K, used 30575K [0x0000000700e00000, 0x0000000800000000)
  region size 2048K, 14 young (28672K), 4 survivors (8192K)
 Metaspace       used 28310K, committed 28736K, reserved 1114112K
  class space    used 3628K, committed 3840K, reserved 1048576K
}
Event: 11.108 GC heap after
{Heap after GC invocations=6 (full 0):
 garbage-first heap   total 49152K, used 14115K [0x0000000700e00000, 0x0000000800000000)
  region size 2048K, 2 young (4096K), 2 survivors (4096K)
 Metaspace       used 28310K, committed 28736K, reserved 1114112K
  class space    used 3628K, committed 3840K, reserved 1048576K
}
Event: 11.281 GC heap before
{Heap before GC invocations=6 (full 0):
 garbage-first heap   total 49152K, used 16163K [0x0000000700e00000, 0x0000000800000000)
  region size 2048K, 3 young (6144K), 2 survivors (4096K)
 Metaspace       used 29600K, committed 30016K, reserved 1114112K
  class space    used 3777K, committed 3968K, reserved 1048576K
}
Event: 11.285 GC heap after
{Heap after GC invocations=7 (full 0):
 garbage-first heap   total 49152K, used 15059K [0x0000000700e00000, 0x0000000800000000)
  region size 2048K, 1 young (2048K), 1 survivors (2048K)
 Metaspace       used 29600K, committed 30016K, reserved 1114112K
  class space    used 3777K, committed 3968K, reserved 1048576K
}

Dll operation events (20 events):
Event: 0.202 Loaded shared library C:\Program Files\OpenLogic\jdk-17.0.10.7-hotspot\bin\api-ms-win-crt-process-l1-1-0.dll
Event: 0.203 Loaded shared library C:\Program Files\OpenLogic\jdk-17.0.10.7-hotspot\bin\api-ms-win-crt-runtime-l1-1-0.dll
Event: 0.205 Loaded shared library C:\Program Files\OpenLogic\jdk-17.0.10.7-hotspot\bin\api-ms-win-crt-stdio-l1-1-0.dll
Event: 0.206 Loaded shared library C:\Program Files\OpenLogic\jdk-17.0.10.7-hotspot\bin\api-ms-win-crt-string-l1-1-0.dll
Event: 0.208 Loaded shared library C:\Program Files\OpenLogic\jdk-17.0.10.7-hotspot\bin\api-ms-win-crt-time-l1-1-0.dll
Event: 0.209 Loaded shared library C:\Program Files\OpenLogic\jdk-17.0.10.7-hotspot\bin\api-ms-win-crt-utility-l1-1-0.dll
Event: 0.210 Loaded shared library C:\Program Files\OpenLogic\jdk-17.0.10.7-hotspot\bin\ucrtbase.dll
Event: 0.211 Loaded shared library C:\Program Files\OpenLogic\jdk-17.0.10.7-hotspot\bin\vcruntime140.dll
Event: 0.212 Loaded shared library C:\Program Files\OpenLogic\jdk-17.0.10.7-hotspot\bin\vcruntime140_1.dll
Event: 0.212 Loaded shared library C:\Program Files\OpenLogic\jdk-17.0.10.7-hotspot\bin\msvcp140.dll
Event: 0.255 Loaded shared library C:\Program Files\OpenLogic\jdk-17.0.10.7-hotspot\bin\prism_d3d.dll
Event: 0.347 Loaded shared library C:\Program Files\OpenLogic\jdk-17.0.10.7-hotspot\bin\glass.dll
Event: 0.493 Loaded shared library C:\Program Files\OpenLogic\jdk-17.0.10.7-hotspot\bin\net.dll
Event: 0.494 Loaded shared library C:\Program Files\OpenLogic\jdk-17.0.10.7-hotspot\bin\nio.dll
Event: 0.497 Loaded shared library C:\Program Files\OpenLogic\jdk-17.0.10.7-hotspot\bin\zip.dll
Event: 2.439 Loaded shared library C:\Program Files\OpenLogic\jdk-17.0.10.7-hotspot\bin\management.dll
Event: 2.441 Loaded shared library C:\Program Files\OpenLogic\jdk-17.0.10.7-hotspot\bin\management_ext.dll
Event: 5.041 Loaded shared library C:\Program Files\OpenLogic\jdk-17.0.10.7-hotspot\bin\javafx_font.dll
Event: 10.607 Loaded shared library C:\Program Files\OpenLogic\jdk-17.0.10.7-hotspot\bin\extnet.dll
Event: 11.231 Loaded shared library C:\Program Files\OpenLogic\jdk-17.0.10.7-hotspot\bin\sunmscapi.dll

Deoptimization events (20 events):
Event: 40.725 Thread 0x0000020066d99440 Uncommon trap: trap_request=0xffffff76 fr.pc=0x0000020053a56170 relative=0x0000000000000d50
Event: 40.725 Thread 0x0000020066d99440 Uncommon trap: reason=predicate action=maybe_recompile pc=0x0000020053a56170 method=java.util.Properties$LineReader.readLine()I @ 53 c2
Event: 40.725 Thread 0x0000020066d99440 DEOPT PACKING pc=0x0000020053a56170 sp=0x00000012957fcc90
Event: 40.725 Thread 0x0000020066d99440 DEOPT UNPACKING pc=0x00000200534569a3 sp=0x00000012957fcc38 mode 2
Event: 40.725 Thread 0x0000020066d99440 DEOPT PACKING pc=0x000002004bf677f9 sp=0x00000012957fc4f0
Event: 40.725 Thread 0x0000020066d99440 DEOPT UNPACKING pc=0x0000020053457143 sp=0x00000012957fb998 mode 1
Event: 40.725 Thread 0x0000020066d99440 DEOPT PACKING pc=0x000002004bf6725c sp=0x00000012957fc550
Event: 40.725 Thread 0x0000020066d99440 DEOPT UNPACKING pc=0x0000020053457143 sp=0x00000012957fba08 mode 1
Event: 40.725 Thread 0x0000020066d99440 DEOPT PACKING pc=0x000002004c0aa9bc sp=0x00000012957fcf30
Event: 40.725 Thread 0x0000020066d99440 DEOPT UNPACKING pc=0x0000020053457143 sp=0x00000012957fc420 mode 1
Event: 40.725 Thread 0x0000020066d99440 DEOPT PACKING pc=0x000002004bf677f9 sp=0x00000012957fc5c0
Event: 40.725 Thread 0x0000020066d99440 DEOPT UNPACKING pc=0x0000020053457143 sp=0x00000012957fba68 mode 1
Event: 40.725 Thread 0x0000020066d99440 DEOPT PACKING pc=0x000002004bf6725c sp=0x00000012957fc620
Event: 40.725 Thread 0x0000020066d99440 DEOPT UNPACKING pc=0x0000020053457143 sp=0x00000012957fbad8 mode 1
Event: 40.725 Thread 0x0000020066d99440 DEOPT PACKING pc=0x000002004c0aa9bc sp=0x00000012957fd000
Event: 40.725 Thread 0x0000020066d99440 DEOPT UNPACKING pc=0x0000020053457143 sp=0x00000012957fc4f0 mode 1
Event: 40.736 Thread 0x00000200b35213f0 DEOPT PACKING pc=0x000002004c688e8f sp=0x00000012963fdcb0
Event: 40.736 Thread 0x00000200b35213f0 DEOPT UNPACKING pc=0x0000020053457143 sp=0x00000012963fd120 mode 1
Event: 40.752 Thread 0x00000200b35209d0 DEOPT PACKING pc=0x000002004c0b71cc sp=0x00000012968ff020
Event: 40.752 Thread 0x00000200b35209d0 DEOPT UNPACKING pc=0x0000020053457143 sp=0x00000012968fe480 mode 1

Classes unloaded (0 events):
No events

Classes redefined (0 events):
No events

Internal exceptions (20 events):
Event: 2.415 Thread 0x0000020066d99440 Exception <a 'java/lang/NoSuchMethodError'{0x000000070e41b9e0}: 'long java.lang.invoke.DirectMethodHandle$Holder.invokeSpecial(java.lang.Object, java.lang.Object)'> (0x000000070e41b9e0) 
thrown [s\src\hotspot\share\interpreter\linkResolver.cpp, line 759]
Event: 2.418 Thread 0x0000020066d99440 Exception <a 'java/lang/NoSuchMethodError'{0x000000070e43aad0}: 'void java.lang.invoke.DirectMethodHandle$Holder.invokeVirtual(java.lang.Object, java.lang.Object, long)'> (0x000000070e43aad0) 
thrown [s\src\hotspot\share\interpreter\linkResolver.cpp, line 759]
Event: 2.424 Thread 0x0000020066d99440 Exception <a 'java/lang/NoSuchMethodError'{0x000000070e4a3810}: 'java.lang.Object java.lang.invoke.DirectMethodHandle$Holder.newInvokeSpecial(java.lang.Object, java.lang.Object, int, java.lang.Object, java.lang.Object)'> (0x000000070e4a3810) 
thrown [s\src\hotspot\share\interpreter\linkResolver.cpp, line 759]
Event: 2.425 Thread 0x0000020066d99440 Exception <a 'java/lang/NoSuchMethodError'{0x000000070e4aee88}: 'java.lang.Object java.lang.invoke.DirectMethodHandle$Holder.invokeSpecial(java.lang.Object, java.lang.Object, int, java.lang.Object, int, java.lang.Object)'> (0x000000070e4aee88) 
thrown [s\src\hotspot\share\interpreter\linkResolver.cpp, line 759]
Event: 2.429 Thread 0x0000020066d99440 Exception <a 'java/lang/NoSuchMethodError'{0x000000070e4b6f38}: 'java.lang.Object java.lang.invoke.DirectMethodHandle$Holder.newInvokeSpecial(java.lang.Object, java.lang.Object, int, java.lang.Object, int)'> (0x000000070e4b6f38) 
thrown [s\src\hotspot\share\interpreter\linkResolver.cpp, line 759]
Event: 2.429 Thread 0x0000020066d99440 Exception <a 'java/lang/NoSuchMethodError'{0x000000070e4bb038}: 'java.lang.Object java.lang.invoke.DirectMethodHandle$Holder.invokeSpecial(java.lang.Object, java.lang.Object, java.lang.Object, int, java.lang.Object, int)'> (0x000000070e4bb038) 
thrown [s\src\hotspot\share\interpreter\linkResolver.cpp, line 759]
Event: 4.996 Thread 0x0000020066d99440 Exception <a 'java/lang/NoSuchMethodError'{0x0000000710cb4b38}: 'java.lang.Object java.lang.invoke.DirectMethodHandle$Holder.invokeStaticInit(java.lang.Object, java.lang.Object, java.lang.Object, java.lang.Object)'> (0x0000000710cb4b38) 
thrown [s\src\hotspot\share\interpreter\linkResolver.cpp, line 759]
Event: 4.996 Thread 0x0000020066d99440 Exception <a 'java/lang/NullPointerException'{0x0000000710cbdb68}> (0x0000000710cbdb68) 
thrown [s\src\hotspot\share\interpreter\linkResolver.cpp, line 1350]
Event: 5.023 Thread 0x0000020066d99440 Exception <a 'java/lang/ClassNotFoundException'{0x0000000710def278}: com/sun/glass/ui/win/themes> (0x0000000710def278) 
thrown [s\src\hotspot\share\prims\jni.cpp, line 535]
Event: 5.024 Thread 0x0000020066d99440 Exception <a 'java/lang/ClassNotFoundException'{0x0000000710dfd190}: com/sun/glass/ui/win/themes_es> (0x0000000710dfd190) 
thrown [s\src\hotspot\share\prims\jni.cpp, line 535]
Event: 5.024 Thread 0x0000020066d99440 Exception <a 'java/lang/ClassNotFoundException'{0x0000000703205928}: com/sun/glass/ui/win/themes_es_AR> (0x0000000703205928) 
thrown [s\src\hotspot\share\prims\jni.cpp, line 535]
Event: 11.001 Thread 0x0000020066d99440 Exception <a 'sun/nio/fs/WindowsException'{0x00000007022db7e0}> (0x00000007022db7e0) 
thrown [s\src\hotspot\share\prims\jni.cpp, line 516]
Event: 11.021 Thread 0x0000020066d99440 Exception <a 'java/lang/NoSuchMethodError'{0x000000070231d3e8}: 'int java.lang.invoke.DirectMethodHandle$Holder.invokeStaticInit(java.lang.Object, java.lang.Object, java.lang.Object, java.lang.Object)'> (0x000000070231d3e8) 
thrown [s\src\hotspot\share\interpreter\linkResolver.cpp, line 759]
Event: 11.136 Thread 0x0000020066d99440 Exception <a 'java/lang/NoSuchMethodError'{0x0000000710c49370}: 'java.lang.Object java.lang.invoke.DirectMethodHandle$Holder.invokeStaticInit(java.lang.Object, int, int, int, int)'> (0x0000000710c49370) 
thrown [s\src\hotspot\share\interpreter\linkResolver.cpp, line 759]
Event: 11.205 Thread 0x0000020066d99440 Exception <a 'java/lang/NoSuchMethodError'{0x0000000710cd3660}: 'java.lang.Object java.lang.invoke.DirectMethodHandle$Holder.invokeStaticInit(java.lang.Object, java.lang.Object, int, int, int, int)'> (0x0000000710cd3660) 
thrown [s\src\hotspot\share\interpreter\linkResolver.cpp, line 759]
Event: 40.690 Thread 0x00000200b35213f0 Exception <a 'java/io/IOException'{0x00000007033a0190}> (0x00000007033a0190) 
thrown [s\src\hotspot\share\prims\jni.cpp, line 516]
Event: 40.693 Thread 0x00000200b35213f0 Exception <a 'java/io/IOException'{0x00000007033a8ae8}> (0x00000007033a8ae8) 
thrown [s\src\hotspot\share\prims\jni.cpp, line 516]
Event: 40.725 Thread 0x0000020066d99440 Implicit null exception at 0x0000020053a5552d to 0x0000020053a56130
Event: 40.757 Thread 0x00000200b3522320 Exception <a 'java/lang/NoSuchMethodError'{0x0000000702ef75f8}: 'int java.lang.invoke.DirectMethodHandle$Holder.invokeStatic(java.lang.Object, int, java.lang.Object)'> (0x0000000702ef75f8) 
thrown [s\src\hotspot\share\interpreter\linkResolver.cpp, line 759]
Event: 40.760 Thread 0x00000200b3522830 Exception <a 'java/io/IOException'{0x0000000702f09438}> (0x0000000702f09438) 
thrown [s\src\hotspot\share\prims\jni.cpp, line 516]

VM Operations (20 events):
Event: 40.685 Executing VM operation: ChangeBreakpoints
Event: 40.687 Executing VM operation: ChangeBreakpoints done
Event: 40.689 Executing VM operation: ChangeBreakpoints
Event: 40.689 Executing VM operation: ChangeBreakpoints done
Event: 40.690 Executing VM operation: ChangeBreakpoints
Event: 40.690 Executing VM operation: ChangeBreakpoints done
Event: 40.690 Executing VM operation: ChangeBreakpoints
Event: 40.690 Executing VM operation: ChangeBreakpoints done
Event: 40.690 Executing VM operation: ChangeBreakpoints
Event: 40.690 Executing VM operation: ChangeBreakpoints done
Event: 40.690 Executing VM operation: ChangeBreakpoints
Event: 40.690 Executing VM operation: ChangeBreakpoints done
Event: 40.690 Executing VM operation: ChangeBreakpoints
Event: 40.690 Executing VM operation: ChangeBreakpoints done
Event: 40.690 Executing VM operation: ChangeBreakpoints
Event: 40.690 Executing VM operation: ChangeBreakpoints done
Event: 40.700 Executing VM operation: HandshakeAllThreads
Event: 40.701 Executing VM operation: HandshakeAllThreads done
Event: 40.702 Executing VM operation: HandshakeAllThreads
Event: 40.702 Executing VM operation: HandshakeAllThreads done

Events (20 events):
Event: 40.756 loading class com/zaxxer/hikari/pool/PoolEntry done
Event: 40.756 loading class com/zaxxer/hikari/pool/PoolEntry
Event: 40.756 loading class com/zaxxer/hikari/pool/PoolEntry done
Event: 40.756 loading class com/zaxxer/hikari/pool/HikariPool
Event: 40.756 loading class com/zaxxer/hikari/pool/HikariPool done
Event: 40.756 loading class java/sql/Connection
Event: 40.756 loading class java/sql/Connection done
Event: 40.756 Thread 0x00000200b3522830 Thread added: 0x00000200b3522830
Event: 40.757 Thread 0x00000200b35213f0 Thread exited: 0x00000200b35213f0
Event: 40.757 loading class com/zaxxer/hikari/util/ConcurrentBag$IConcurrentBagEntry
Event: 40.757 loading class com/zaxxer/hikari/util/ConcurrentBag$IConcurrentBagEntry done
Event: 40.757 Thread 0x00000200b3521e10 Thread exited: 0x00000200b3521e10
Event: 40.757 loading class com/zaxxer/hikari/util/ConcurrentBag$IConcurrentBagEntry
Event: 40.757 loading class com/zaxxer/hikari/util/ConcurrentBag$IConcurrentBagEntry done
Event: 40.757 loading class com/sun/glass/ui/GestureSupport
Event: 40.757 loading class com/sun/glass/ui/GestureSupport done
Event: 40.757 loading class com/sun/glass/ui/TouchInputSupport
Event: 40.757 loading class com/sun/glass/ui/TouchInputSupport done
Event: 40.758 loading class com/sun/glass/ui/TouchInputSupport
Event: 40.758 loading class com/sun/glass/ui/TouchInputSupport done


Dynamic libraries:
0x00007ff659250000 - 0x00007ff65925e000 	C:\Program Files\OpenLogic\jdk-17.0.10.7-hotspot\bin\java.exe
0x00007ffcb8570000 - 0x00007ffcb8768000 	C:\Windows\SYSTEM32\ntdll.dll
0x00007ffcb6be0000 - 0x00007ffcb6c9d000 	C:\Windows\System32\KERNEL32.DLL
0x00007ffcb5e00000 - 0x00007ffcb60f6000 	C:\Windows\System32\KERNELBASE.dll
0x00007ffcb5d00000 - 0x00007ffcb5e00000 	C:\Windows\System32\ucrtbase.dll
0x00007ffcb05b0000 - 0x00007ffcb05cb000 	C:\Program Files\OpenLogic\jdk-17.0.10.7-hotspot\bin\VCRUNTIME140.dll
0x00007ffcb05d0000 - 0x00007ffcb05e7000 	C:\Program Files\OpenLogic\jdk-17.0.10.7-hotspot\bin\jli.dll
0x00007ffcb67c0000 - 0x00007ffcb695e000 	C:\Windows\System32\USER32.dll
0x00007ffcb5cd0000 - 0x00007ffcb5cf2000 	C:\Windows\System32\win32u.dll
0x00007ffcb6960000 - 0x00007ffcb698b000 	C:\Windows\System32\GDI32.dll
0x00007ffc9f1a0000 - 0x00007ffc9f43a000 	C:\Windows\WinSxS\amd64_microsoft.windows.common-controls_6595b64144ccf1df_6.0.19041.3636_none_60b6a03d71f818d5\COMCTL32.dll
0x00007ffcb6100000 - 0x00007ffcb6217000 	C:\Windows\System32\gdi32full.dll
0x00007ffcb6430000 - 0x00007ffcb64cd000 	C:\Windows\System32\msvcp_win.dll
0x00007ffcb72c0000 - 0x00007ffcb735e000 	C:\Windows\System32\msvcrt.dll
0x00007ffcb6990000 - 0x00007ffcb69c2000 	C:\Windows\System32\IMM32.DLL
0x00007ffca9d10000 - 0x00007ffca9d1c000 	C:\Program Files\OpenLogic\jdk-17.0.10.7-hotspot\bin\vcruntime140_1.dll
0x00007ffc89300000 - 0x00007ffc8938d000 	C:\Program Files\OpenLogic\jdk-17.0.10.7-hotspot\bin\msvcp140.dll
0x00007ffc671b0000 - 0x00007ffc67e12000 	C:\Program Files\OpenLogic\jdk-17.0.10.7-hotspot\bin\server\jvm.dll
0x00007ffcb82a0000 - 0x00007ffcb8353000 	C:\Windows\System32\ADVAPI32.dll
0x00007ffcb8360000 - 0x00007ffcb83ff000 	C:\Windows\System32\sechost.dll
0x00007ffcb6a40000 - 0x00007ffcb6b66000 	C:\Windows\System32\RPCRT4.dll
0x00007ffcb5ca0000 - 0x00007ffcb5cc7000 	C:\Windows\System32\bcrypt.dll
0x00007ffca8a90000 - 0x00007ffca8ab7000 	C:\Windows\SYSTEM32\WINMM.dll
0x00007ffcb3410000 - 0x00007ffcb3419000 	C:\Windows\SYSTEM32\WSOCK32.dll
0x00007ffcb5180000 - 0x00007ffcb51cb000 	C:\Windows\SYSTEM32\POWRPROF.dll
0x00007ffcb8100000 - 0x00007ffcb816b000 	C:\Windows\System32\WS2_32.dll
0x00007ffcaf7b0000 - 0x00007ffcaf7ba000 	C:\Windows\SYSTEM32\VERSION.dll
0x00007ffcb5040000 - 0x00007ffcb5052000 	C:\Windows\SYSTEM32\UMPDC.dll
0x00007ffcb3b00000 - 0x00007ffcb3b12000 	C:\Windows\SYSTEM32\kernel.appcore.dll
0x00007ffca09f0000 - 0x00007ffca09fa000 	C:\Program Files\OpenLogic\jdk-17.0.10.7-hotspot\bin\jimage.dll
0x00007ffca8120000 - 0x00007ffca8304000 	C:\Windows\SYSTEM32\DBGHELP.DLL
0x00007ffc9cb30000 - 0x00007ffc9cb64000 	C:\Windows\SYSTEM32\dbgcore.DLL
0x00007ffcb6520000 - 0x00007ffcb65a2000 	C:\Windows\System32\bcryptPrimitives.dll
0x00007ffcacdb0000 - 0x00007ffcacdeb000 	C:\Program Files\OpenLogic\jdk-17.0.10.7-hotspot\bin\jdwp.dll
0x00007ffcaceb0000 - 0x00007ffcacebe000 	C:\Program Files\OpenLogic\jdk-17.0.10.7-hotspot\bin\instrument.dll
0x00007ffc9bbe0000 - 0x00007ffc9bc05000 	C:\Program Files\OpenLogic\jdk-17.0.10.7-hotspot\bin\java.dll
0x00007ffc98220000 - 0x00007ffc98238000 	C:\Program Files\OpenLogic\jdk-17.0.10.7-hotspot\bin\zip.dll
0x00007ffc85720000 - 0x00007ffc857f6000 	C:\Program Files\OpenLogic\jdk-17.0.10.7-hotspot\bin\jsvml.dll
0x00007ffcb7920000 - 0x00007ffcb8065000 	C:\Windows\System32\SHELL32.dll
0x00007ffcb3d00000 - 0x00007ffcb449c000 	C:\Windows\SYSTEM32\windows.storage.dll
0x00007ffcb75c0000 - 0x00007ffcb7914000 	C:\Windows\System32\combase.dll
0x00007ffcb5660000 - 0x00007ffcb568e000 	C:\Windows\SYSTEM32\Wldp.dll
0x00007ffcb7110000 - 0x00007ffcb71dd000 	C:\Windows\System32\OLEAUT32.dll
0x00007ffcb7210000 - 0x00007ffcb72bd000 	C:\Windows\System32\SHCORE.dll
0x00007ffcb6b70000 - 0x00007ffcb6bc5000 	C:\Windows\System32\shlwapi.dll
0x00007ffcb5b60000 - 0x00007ffcb5b85000 	C:\Windows\SYSTEM32\profapi.dll
0x00007ffcacea0000 - 0x00007ffcaceac000 	C:\Program Files\OpenLogic\jdk-17.0.10.7-hotspot\bin\dt_socket.dll
0x00007ffcb5060000 - 0x00007ffcb509b000 	C:\Windows\SYSTEM32\IPHLPAPI.DLL
0x00007ffcb53c0000 - 0x00007ffcb542a000 	C:\Windows\system32\mswsock.dll
0x0000020041020000 - 0x0000020041023000 	C:\Program Files\OpenLogic\jdk-17.0.10.7-hotspot\bin\api-ms-win-core-console-l1-1-0.dll
0x0000020041030000 - 0x0000020041033000 	C:\Program Files\OpenLogic\jdk-17.0.10.7-hotspot\bin\api-ms-win-core-console-l1-2-0.dll
0x0000020042f40000 - 0x0000020042f43000 	C:\Program Files\OpenLogic\jdk-17.0.10.7-hotspot\bin\api-ms-win-core-datetime-l1-1-0.dll
0x0000020042f50000 - 0x0000020042f53000 	C:\Program Files\OpenLogic\jdk-17.0.10.7-hotspot\bin\api-ms-win-core-debug-l1-1-0.dll
0x0000020042f60000 - 0x0000020042f63000 	C:\Program Files\OpenLogic\jdk-17.0.10.7-hotspot\bin\api-ms-win-core-errorhandling-l1-1-0.dll
0x0000020042f70000 - 0x0000020042f74000 	C:\Program Files\OpenLogic\jdk-17.0.10.7-hotspot\bin\api-ms-win-core-file-l1-1-0.dll
0x0000020042f80000 - 0x0000020042f83000 	C:\Program Files\OpenLogic\jdk-17.0.10.7-hotspot\bin\api-ms-win-core-file-l1-2-0.dll
0x0000020042f90000 - 0x0000020042f93000 	C:\Program Files\OpenLogic\jdk-17.0.10.7-hotspot\bin\api-ms-win-core-file-l2-1-0.dll
0x0000020042fa0000 - 0x0000020042fa3000 	C:\Program Files\OpenLogic\jdk-17.0.10.7-hotspot\bin\api-ms-win-core-handle-l1-1-0.dll
0x0000020042fb0000 - 0x0000020042fb3000 	C:\Program Files\OpenLogic\jdk-17.0.10.7-hotspot\bin\api-ms-win-core-heap-l1-1-0.dll
0x0000020042fc0000 - 0x0000020042fc3000 	C:\Program Files\OpenLogic\jdk-17.0.10.7-hotspot\bin\api-ms-win-core-interlocked-l1-1-0.dll
0x0000020042fd0000 - 0x0000020042fd3000 	C:\Program Files\OpenLogic\jdk-17.0.10.7-hotspot\bin\api-ms-win-core-libraryloader-l1-1-0.dll
0x0000020042fe0000 - 0x0000020042fe3000 	C:\Program Files\OpenLogic\jdk-17.0.10.7-hotspot\bin\api-ms-win-core-localization-l1-2-0.dll
0x0000020066fa0000 - 0x0000020066fa3000 	C:\Program Files\OpenLogic\jdk-17.0.10.7-hotspot\bin\api-ms-win-core-memory-l1-1-0.dll
0x0000020066fb0000 - 0x0000020066fb3000 	C:\Program Files\OpenLogic\jdk-17.0.10.7-hotspot\bin\api-ms-win-core-namedpipe-l1-1-0.dll
0x0000020066fc0000 - 0x0000020066fc3000 	C:\Program Files\OpenLogic\jdk-17.0.10.7-hotspot\bin\api-ms-win-core-processenvironment-l1-1-0.dll
0x0000020066fd0000 - 0x0000020066fd3000 	C:\Program Files\OpenLogic\jdk-17.0.10.7-hotspot\bin\api-ms-win-core-processthreads-l1-1-0.dll
0x0000020066fe0000 - 0x0000020066fe3000 	C:\Program Files\OpenLogic\jdk-17.0.10.7-hotspot\bin\api-ms-win-core-processthreads-l1-1-1.dll
0x0000020066ff0000 - 0x0000020066ff3000 	C:\Program Files\OpenLogic\jdk-17.0.10.7-hotspot\bin\api-ms-win-core-profile-l1-1-0.dll
0x00000200ac120000 - 0x00000200ac123000 	C:\Program Files\OpenLogic\jdk-17.0.10.7-hotspot\bin\api-ms-win-core-rtlsupport-l1-1-0.dll
0x00000200ac130000 - 0x00000200ac133000 	C:\Program Files\OpenLogic\jdk-17.0.10.7-hotspot\bin\api-ms-win-core-string-l1-1-0.dll
0x00000200ac140000 - 0x00000200ac143000 	C:\Program Files\OpenLogic\jdk-17.0.10.7-hotspot\bin\api-ms-win-core-synch-l1-1-0.dll
0x00000200ac150000 - 0x00000200ac153000 	C:\Program Files\OpenLogic\jdk-17.0.10.7-hotspot\bin\api-ms-win-core-synch-l1-2-0.dll
0x00000200ac160000 - 0x00000200ac163000 	C:\Program Files\OpenLogic\jdk-17.0.10.7-hotspot\bin\api-ms-win-core-sysinfo-l1-1-0.dll
0x00000200ac170000 - 0x00000200ac173000 	C:\Program Files\OpenLogic\jdk-17.0.10.7-hotspot\bin\api-ms-win-core-timezone-l1-1-0.dll
0x00000200ac180000 - 0x00000200ac183000 	C:\Program Files\OpenLogic\jdk-17.0.10.7-hotspot\bin\api-ms-win-core-util-l1-1-0.dll
0x00000200ac190000 - 0x00000200ac193000 	C:\Program Files\OpenLogic\jdk-17.0.10.7-hotspot\bin\api-ms-win-crt-conio-l1-1-0.dll
0x00000200ac1a0000 - 0x00000200ac1a4000 	C:\Program Files\OpenLogic\jdk-17.0.10.7-hotspot\bin\api-ms-win-crt-convert-l1-1-0.dll
0x00000200ac1b0000 - 0x00000200ac1b3000 	C:\Program Files\OpenLogic\jdk-17.0.10.7-hotspot\bin\api-ms-win-crt-environment-l1-1-0.dll
0x00000200ac1c0000 - 0x00000200ac1c3000 	C:\Program Files\OpenLogic\jdk-17.0.10.7-hotspot\bin\api-ms-win-crt-filesystem-l1-1-0.dll
0x00000200ac1d0000 - 0x00000200ac1d3000 	C:\Program Files\OpenLogic\jdk-17.0.10.7-hotspot\bin\api-ms-win-crt-heap-l1-1-0.dll
0x00000200ac1e0000 - 0x00000200ac1e3000 	C:\Program Files\OpenLogic\jdk-17.0.10.7-hotspot\bin\api-ms-win-crt-locale-l1-1-0.dll
0x00000200ac1f0000 - 0x00000200ac1f5000 	C:\Program Files\OpenLogic\jdk-17.0.10.7-hotspot\bin\api-ms-win-crt-math-l1-1-0.dll
0x00000200ac200000 - 0x00000200ac205000 	C:\Program Files\OpenLogic\jdk-17.0.10.7-hotspot\bin\api-ms-win-crt-multibyte-l1-1-0.dll
0x00000200ac210000 - 0x00000200ac220000 	C:\Program Files\OpenLogic\jdk-17.0.10.7-hotspot\bin\api-ms-win-crt-private-l1-1-0.dll
0x00000200ac220000 - 0x00000200ac223000 	C:\Program Files\OpenLogic\jdk-17.0.10.7-hotspot\bin\api-ms-win-crt-process-l1-1-0.dll
0x00000200ac230000 - 0x00000200ac234000 	C:\Program Files\OpenLogic\jdk-17.0.10.7-hotspot\bin\api-ms-win-crt-runtime-l1-1-0.dll
0x00000200ac240000 - 0x00000200ac244000 	C:\Program Files\OpenLogic\jdk-17.0.10.7-hotspot\bin\api-ms-win-crt-stdio-l1-1-0.dll
0x00000200ac250000 - 0x00000200ac254000 	C:\Program Files\OpenLogic\jdk-17.0.10.7-hotspot\bin\api-ms-win-crt-string-l1-1-0.dll
0x00000200ac260000 - 0x00000200ac263000 	C:\Program Files\OpenLogic\jdk-17.0.10.7-hotspot\bin\api-ms-win-crt-time-l1-1-0.dll
0x00000200ac270000 - 0x00000200ac273000 	C:\Program Files\OpenLogic\jdk-17.0.10.7-hotspot\bin\api-ms-win-crt-utility-l1-1-0.dll
0x00007ffc691a0000 - 0x00007ffc6929c000 	C:\Program Files\OpenLogic\jdk-17.0.10.7-hotspot\bin\ucrtbase.dll
0x00007ffc782e0000 - 0x00007ffc7830a000 	C:\Program Files\OpenLogic\jdk-17.0.10.7-hotspot\bin\prism_d3d.dll
0x00007ffc50dd0000 - 0x00007ffc50f9d000 	C:\Windows\system32\d3d9.dll
0x00007ffcb3920000 - 0x00007ffcb394f000 	C:\Windows\SYSTEM32\dwmapi.dll
0x00007ffcb3630000 - 0x00007ffcb36ce000 	C:\Windows\system32\uxtheme.dll
0x00007ffcb57f0000 - 0x00007ffcb5802000 	C:\Windows\SYSTEM32\msasn1.dll
0x00007ffcaf750000 - 0x00007ffcaf781000 	C:\Windows\SYSTEM32\cryptnet.dll
0x00007ffcb62d0000 - 0x00007ffcb642d000 	C:\Windows\System32\CRYPT32.dll
0x00007ffcaf4c0000 - 0x00007ffcaf608000 	C:\Windows\SYSTEM32\drvstore.dll
0x00007ffcb59c0000 - 0x00007ffcb59f3000 	C:\Windows\SYSTEM32\devobj.dll
0x00007ffcb64d0000 - 0x00007ffcb651e000 	C:\Windows\System32\cfgmgr32.dll
0x00007ffcb55b0000 - 0x00007ffcb55bc000 	C:\Windows\SYSTEM32\cryptbase.dll
0x00007ffcb5c30000 - 0x00007ffcb5c97000 	C:\Windows\System32\wintrust.dll
0x00007ffcb71e0000 - 0x00007ffcb71fd000 	C:\Windows\System32\imagehlp.dll
0x00007ffcb55c0000 - 0x00007ffcb55d8000 	C:\Windows\SYSTEM32\CRYPTSP.dll
0x00007ffcb4c80000 - 0x00007ffcb4cb4000 	C:\Windows\system32\rsaenh.dll
0x00007ffc74a90000 - 0x00007ffc74ad2000 	C:\Program Files\OpenLogic\jdk-17.0.10.7-hotspot\bin\glass.dll
0x00007ffcb73c0000 - 0x00007ffcb749a000 	C:\Windows\System32\COMDLG32.dll
0x00007ffcb8400000 - 0x00007ffcb852b000 	C:\Windows\System32\ole32.dll
0x00007ffcb74a0000 - 0x00007ffcb75b4000 	C:\Windows\System32\MSCTF.dll
0x00007ffc4ce10000 - 0x00007ffc4d0e1000 	C:\Windows\system32\nvspcap64.dll
0x00007ffcb4da0000 - 0x00007ffcb4dd3000 	C:\Windows\SYSTEM32\ntmarta.dll
0x00007ffcb44b0000 - 0x00007ffcb44d3000 	C:\Windows\SYSTEM32\gpapi.dll
0x00007ffcad430000 - 0x00007ffcad46b000 	C:\Windows\SYSTEM32\dxcore.dll
0x00007ffc9f0e0000 - 0x00007ffc9f0f9000 	C:\Program Files\OpenLogic\jdk-17.0.10.7-hotspot\bin\net.dll
0x00007ffcaf990000 - 0x00007ffcafa9a000 	C:\Windows\SYSTEM32\WINHTTP.dll
0x00007ffc9be60000 - 0x00007ffc9be76000 	C:\Program Files\OpenLogic\jdk-17.0.10.7-hotspot\bin\nio.dll
0x00007ffcace80000 - 0x00007ffcace89000 	C:\Program Files\OpenLogic\jdk-17.0.10.7-hotspot\bin\management.dll
0x00007ffc929e0000 - 0x00007ffc929eb000 	C:\Program Files\OpenLogic\jdk-17.0.10.7-hotspot\bin\management_ext.dll
0x00007ffcb69d0000 - 0x00007ffcb69d8000 	C:\Windows\System32\PSAPI.DLL
0x00007ffc74a70000 - 0x00007ffc74a84000 	C:\Program Files\OpenLogic\jdk-17.0.10.7-hotspot\bin\javafx_font.dll
0x00007ffcb50a0000 - 0x00007ffcb516b000 	C:\Windows\SYSTEM32\DNSAPI.dll
0x00007ffcb7200000 - 0x00007ffcb7208000 	C:\Windows\System32\NSI.dll
0x00007ffca71b0000 - 0x00007ffca71ba000 	C:\Windows\System32\rasadhlp.dll
0x00007ffca7ab0000 - 0x00007ffca7b30000 	C:\Windows\System32\fwpuclnt.dll
0x00007ffc9be50000 - 0x00007ffc9be58000 	C:\Program Files\OpenLogic\jdk-17.0.10.7-hotspot\bin\extnet.dll
0x00007ffcb5ae0000 - 0x00007ffcb5b0e000 	C:\Windows\SYSTEM32\USERENV.dll
0x00007ffcb0610000 - 0x00007ffcb0627000 	C:\Windows\SYSTEM32\dhcpcsvc6.DLL

dbghelp: loaded successfully - version: 4.0.5 - missing functions: none
symbol engine: initialized successfully - sym options: 0x614 - pdb path: .;C:\Program Files\OpenLogic\jdk-17.0.10.7-hotspot\bin;C:\Windows\SYSTEM32;C:\Windows\WinSxS\amd64_microsoft.windows.common-controls_6595b64144ccf1df_6.0.19041.3636_none_60b6a03d71f818d5;C:\Program Files\OpenLogic\jdk-17.0.10.7-hotspot\bin\server;C:\Windows\System32\DriverStore\FileRepository\nv_dispig.inf_amd64_677da8a9230cea15;C:\Program Files\Common Files\Microsoft Shared\Ink

VM Arguments:
jvm_args: -agentlib:jdwp=transport=dt_socket,address=127.0.0.1:53445,suspend=y,server=n -javaagent:C:\Users\CarlosFernando\AppData\Local\JetBrains\IdeaIC2023.2\captureAgent\debugger-agent.jar -Dfile.encoding=UTF-8 
java_command: com.erp.portfolio.ErpPortfolioApplication
java_class_path (initial): D:\proyectos\ProyectoPortafolio\portfolioERP\target\classes;C:\Users\CarlosFernando\.m2\repository\org\openjfx\javafx-controls\23-ea+3\javafx-controls-23-ea+3.jar;C:\Users\CarlosFernando\.m2\repository\org\openjfx\javafx-controls\23-ea+3\javafx-controls-23-ea+3-win.jar;C:\Users\CarlosFernando\.m2\repository\org\openjfx\javafx-graphics\23-ea+3\javafx-graphics-23-ea+3.jar;C:\Users\CarlosFernando\.m2\repository\org\openjfx\javafx-graphics\23-ea+3\javafx-graphics-23-ea+3-win.jar;C:\Users\CarlosFernando\.m2\repository\org\openjfx\javafx-base\23-ea+3\javafx-base-23-ea+3.jar;C:\Users\CarlosFernando\.m2\repository\org\openjfx\javafx-base\23-ea+3\javafx-base-23-ea+3-win.jar;C:\Users\CarlosFernando\.m2\repository\org\openjfx\javafx-fxml\23-ea+3\javafx-fxml-23-ea+3.jar;C:\Users\CarlosFernando\.m2\repository\org\openjfx\javafx-fxml\23-ea+3\javafx-fxml-23-ea+3-win.jar;C:\Users\CarlosFernando\.m2\repository\org\openjfx\javafx-media\23-ea+3\javafx-media-23-ea+3.jar;C:\Users\CarlosFernando\.m2\repository\org\openjfx\javafx-media\23-ea+3\javafx-media-23-ea+3-win.jar;C:\Users\CarlosFernando\.m2\repository\com\mysql\mysql-connector-j\8.3.0\mysql-connector-j-8.3.0.jar;C:\Users\CarlosFernando\.m2\repository\org\springframework\boot\spring-boot-starter\3.2.2\spring-boot-starter-3.2.2.jar;C:\Users\CarlosFernando\.m2\repository\org\springframework\boot\spring-boot\3.2.2\spring-boot-3.2.2.jar;C:\Users\CarlosFernando\.m2\repository\org\springframework\spring-context\6.1.3\spring-context-6.1.3.jar;C:\Users\CarlosFernando\.m2\repository\org\springframework\spring-aop\6.1.3\spring-aop-6.1.3.jar;C:\Users\CarlosFernando\.m2\repository\org\springframework\spring-expression\6.1.3\spring-expression-6.1.3.jar;C:\Users\CarlosFernando\.m2\repository\io\micrometer\micrometer-observation\1.12.2\micrometer-observation-1.12.2.jar;C:\Users\CarlosFernando\.m2\repository\io\micrometer\micrometer-commons\1.12.2\micrometer-commons-1.12.2.jar;C:\Users\CarlosFernando\.m2\repository\or
Launcher Type: SUN_STANDARD

[Global flags]
     intx CICompilerCount                          = 3                                         {product} {ergonomic}
     uint ConcGCThreads                            = 1                                         {product} {ergonomic}
     uint G1ConcRefinementThreads                  = 4                                         {product} {ergonomic}
   size_t G1HeapRegionSize                         = 2097152                                   {product} {ergonomic}
    uintx GCDrainStackTargetSize                   = 64                                        {product} {ergonomic}
   size_t InitialHeapSize                          = 268435456                                 {product} {ergonomic}
   size_t MarkStackSize                            = 4194304                                   {product} {ergonomic}
   size_t MaxHeapSize                              = 4280287232                                {product} {ergonomic}
   size_t MaxNewSize                               = 2566914048                                {product} {ergonomic}
   size_t MinHeapDeltaBytes                        = 2097152                                   {product} {ergonomic}
   size_t MinHeapSize                              = 8388608                                   {product} {ergonomic}
    uintx NonNMethodCodeHeapSize                   = 5832780                                {pd product} {ergonomic}
    uintx NonProfiledCodeHeapSize                  = 122912730                              {pd product} {ergonomic}
    uintx ProfiledCodeHeapSize                     = 122912730                              {pd product} {ergonomic}
    uintx ReservedCodeCacheSize                    = 251658240                              {pd product} {ergonomic}
     bool SegmentedCodeCache                       = true                                      {product} {ergonomic}
   size_t SoftMaxHeapSize                          = 4280287232                             {manageable} {ergonomic}
     bool UseCompressedClassPointers               = true                           {product lp64_product} {ergonomic}
     bool UseCompressedOops                        = true                           {product lp64_product} {ergonomic}
     bool UseG1GC                                  = true                                      {product} {ergonomic}
     bool UseLargePagesIndividualAllocation        = false                                  {pd product} {ergonomic}

Logging:
Log output configuration:
 #0: stdout all=warning uptime,level,tags
 #1: stderr all=off uptime,level,tags

Environment Variables:
PATH=C:\Program Files\OpenLogic\jdk-17.0.10.7-hotspot\bin;C:\Windows\system32;C:\Windows;C:\Windows\System32\Wbem;C:\Windows\System32\WindowsPowerShell\v1.0\;C:\Windows\System32\OpenSSH\;C:\Program Files (x86)\NVIDIA Corporation\PhysX\Common;C:\Program Files\NVIDIA Corporation\NVIDIA NvDLISR;C:\Program Files\Git\cmd;C:\Program Files (x86)\Maven\apache-maven-3.9.5\bin;C:\Program Files\nodejs\;C:\Users\CarlosFernando\.console-ninja\.bin;C:\Users\CarlosFernando\AppData\Local\Microsoft\WindowsApps;C:\Users\CarlosFernando\AppData\Local\Programs\Microsoft VS Code\bin;C:\Users\CarlosFernando\AppData\Roaming\npm;D:\sonar\sonar-scanner-5.0.1.3006-windows\bin;
USERNAME=CarlosFernando
OS=Windows_NT
PROCESSOR_IDENTIFIER=Intel64 Family 6 Model 158 Stepping 10, GenuineIntel
TMP=C:\Users\CARLOS~1\AppData\Local\Temp
TEMP=C:\Users\CARLOS~1\AppData\Local\Temp



Periodic native trim disabled


---------------  S Y S T E M  ---------------

OS:
 Windows 10 , 64 bit Build 19041 (10.0.19041.3636)
OS uptime: 4 days 4:31 hours

CPU: total 4 (initial active 4) (4 cores per cpu, 1 threads per core) family 6 model 158 stepping 10 microcode 0xd6, cx8, cmov, fxsr, mmx, 3dnowpref, sse, sse2, sse3, ssse3, sse4.1, sse4.2, popcnt, lzcnt, tsc, tscinvbit, avx, avx2, aes, erms, clmul, bmi1, bmi2, adx, fma, vzeroupper, clflush, clflushopt
Processor Information for all 4 processors :
  Max Mhz: 3600, Current Mhz: 3600, Mhz Limit: 3600

Memory: 4k page, system-wide physical 16326M (8077M free)
TotalPageFile size 18758M (AvailPageFile size 5964M)
current process WorkingSet (physical memory assigned to process): 168M, peak: 194M
current process commit charge ("private bytes"): 199M, peak: 429M

vm_info: OpenJDK 64-Bit Server VM (17.0.10+7-adhoc..jdk17u) for windows-amd64 JRE (17.0.10+7-adhoc..jdk17u), built on Jan 24 2024 08:51:31 by "" with MS VC++ 16.10 / 16.11 (VS2019)

END.
